\BOOKMARK [0][-]{chapter.1}{\376\377\0001\000\040\000M\000\351\000t\000o\000d\000o\000s\000\040\000S\000u\000p\000e\000r\000v\000i\000s\000a\000d\000o\000s}{}% 1
\BOOKMARK [1][-]{section.1.1}{\376\377\0001\000.\0001\000\040\000I\000n\000t\000r\000o\000d\000u\000c\000c\000i\000\363\000n}{chapter.1}% 2
\BOOKMARK [2][-]{subsection.1.1.1}{\376\377\0001\000.\0001\000.\0001\000\040\000M\000\355\000n\000i\000m\000o\000s\000\040\000c\000u\000a\000d\000r\000a\000d\000o\000s\000\040\000y\000\040\000K\000-\000v\000e\000c\000i\000n\000o\000s\000\040\000m\000\341\000s\000\040\000c\000e\000r\000c\000a\000n\000o\000s}{section.1.1}% 3
\BOOKMARK [2][-]{subsection.1.1.2}{\376\377\0001\000.\0001\000.\0002\000\040\000D\000e\000c\000i\000s\000i\000\363\000n\000\040\000E\000s\000t\000a\000d\000\355\000s\000t\000i\000c\000a}{section.1.1}% 4
\BOOKMARK [1][-]{section.1.2}{\376\377\0001\000.\0002\000\040\000M\000\351\000t\000o\000d\000o\000s\000\040\000L\000i\000n\000e\000a\000l\000e\000s\000\040\000p\000a\000r\000a\000\040\000r\000e\000g\000r\000e\000s\000i\000\363\000n}{chapter.1}% 5
\BOOKMARK [2][-]{subsection.1.2.1}{\376\377\0001\000.\0002\000.\0001\000\040\000R\000e\000g\000r\000e\000s\000i\000\363\000n\000\040\000l\000i\000n\000e\000a\000l\000\040\000p\000o\000r\000\040\000m\000\355\000n\000i\000m\000o\000s\000\040\000c\000u\000a\000d\000r\000a\000d\000o\000s}{section.1.2}% 6
\BOOKMARK [2][-]{subsection.1.2.2}{\376\377\0001\000.\0002\000.\0002\000\040\000R\000e\000g\000r\000e\000s\000i\000\363\000n\000\040\000m\000\372\000l\000t\000i\000p\000l\000e}{section.1.2}% 7
\BOOKMARK [2][-]{subsection.1.2.3}{\376\377\0001\000.\0002\000.\0003\000\040\000M\000\351\000t\000o\000d\000o\000s\000\040\000d\000e\000\040\000E\000n\000c\000o\000g\000i\000m\000i\000e\000n\000t\000o}{section.1.2}% 8
\BOOKMARK [1][-]{section.1.3}{\376\377\0001\000.\0003\000\040\000M\000\351\000t\000o\000d\000o\000s\000\040\000l\000i\000n\000e\000a\000l\000e\000s\000\040\000p\000a\000r\000a\000\040\000C\000l\000a\000s\000i\000f\000i\000c\000a\000c\000i\000\363\000n}{chapter.1}% 9
\BOOKMARK [2][-]{subsection.1.3.1}{\376\377\0001\000.\0003\000.\0001\000\040\000R\000e\000g\000r\000e\000s\000i\000\363\000n\000\040\000l\000i\000n\000e\000a\000l\000\040\000d\000e\000\040\000u\000n\000a\000\040\000m\000a\000t\000r\000i\000z\000\040\000d\000e\000\040\000i\000n\000d\000i\000c\000a\000d\000o\000r\000e\000s}{section.1.3}% 10
\BOOKMARK [2][-]{subsection.1.3.2}{\376\377\0001\000.\0003\000.\0002\000\040\000A\000n\000\341\000l\000i\000s\000i\000s\000\040\000D\000i\000s\000c\000r\000i\000m\000i\000n\000a\000n\000t\000e\000\040\000L\000i\000n\000e\000a\000l}{section.1.3}% 11
\BOOKMARK [2][-]{subsection.1.3.3}{\376\377\0001\000.\0003\000.\0003\000\040\000R\000e\000g\000r\000e\000s\000i\000\363\000n\000\040\000L\000o\000g\000\355\000s\000i\000t\000i\000c\000a}{section.1.3}% 12
\BOOKMARK [1][-]{section.1.4}{\376\377\0001\000.\0004\000\040\000R\000e\000d\000e\000s\000\040\000N\000e\000u\000r\000o\000n\000a\000l\000e\000s}{chapter.1}% 13
\BOOKMARK [2][-]{subsection.1.4.1}{\376\377\0001\000.\0004\000.\0001\000\040\000P\000r\000o\000y\000e\000c\000t\000i\000o\000n\000\040\000P\000u\000r\000s\000u\000i\000t\000\040\000R\000e\000g\000r\000e\000s\000s\000i\000o\000n}{section.1.4}% 14
\BOOKMARK [2][-]{subsection.1.4.2}{\376\377\0001\000.\0004\000.\0002\000\040\000R\000e\000d\000\040\000N\000e\000u\000r\000o\000n\000a\000l\000\040\000d\000e\000\040\0002\000\040\000c\000a\000p\000a\000s\000\040}{section.1.4}% 15
\BOOKMARK [2][-]{subsection.1.4.3}{\376\377\0001\000.\0004\000.\0003\000\040\000A\000j\000u\000s\000t\000e\000\040\000y\000\040\000u\000s\000o\000\040\000d\000e\000\040\000u\000n\000a\000\040\000R\000e\000d\000\040\000N\000e\000u\000r\000o\000n\000a\000l}{section.1.4}% 16
\BOOKMARK [1][-]{section.1.5}{\376\377\0001\000.\0005\000\040\000\301\000r\000b\000o\000l\000e\000s\000\040\000d\000e\000\040\000R\000e\000g\000r\000e\000s\000i\000\363\000n\000\040\000y\000\040\000C\000l\000a\000s\000i\000f\000i\000c\000a\000c\000i\000\363\000n}{chapter.1}% 17
\BOOKMARK [0][-]{chapter.2}{\376\377\0002\000\040\000M\000\351\000t\000o\000d\000o\000s\000\040\000n\000o\000\040\000s\000u\000p\000e\000r\000v\000i\000s\000a\000d\000o\000s}{}% 18
\BOOKMARK [1][-]{section.2.1}{\376\377\0002\000.\0001\000\040\000I\000n\000t\000r\000o\000d\000u\000c\000c\000i\000\363\000n}{chapter.2}% 19
\BOOKMARK [1][-]{section.2.2}{\376\377\0002\000.\0002\000\040\000A\000n\000\341\000l\000i\000s\000i\000s\000\040\000d\000e\000\040\000C\000o\000m\000p\000o\000n\000e\000n\000t\000e\000s\000\040\000P\000r\000i\000n\000c\000i\000p\000a\000l\000e\000s}{chapter.2}% 20
\BOOKMARK [2][-]{subsection.2.2.1}{\376\377\0002\000.\0002\000.\0001\000\040\000D\000e\000f\000i\000n\000i\000c\000i\000\363\000n\000\040\000y\000\040\000c\000\341\000l\000c\000u\000l\000o\000\040\000d\000e\000\040\000l\000a\000s\000\040\000C\000o\000m\000p\000o\000n\000e\000n\000t\000e\000s}{section.2.2}% 21
\BOOKMARK [2][-]{subsection.2.2.2}{\376\377\0002\000.\0002\000.\0002\000\040\000P\000C\000A\000\040\000e\000n\000\040\000m\000a\000t\000r\000i\000c\000e\000s\000\040\000d\000e\000\040\000d\000a\000t\000o\000s}{section.2.2}% 22
\BOOKMARK [2][-]{subsection.2.2.3}{\376\377\0002\000.\0002\000.\0003\000\040\000R\000e\000d\000u\000c\000c\000i\000\363\000n\000\040\000d\000e\000\040\000l\000a\000\040\000d\000i\000m\000e\000n\000s\000i\000o\000n\000a\000l\000i\000d\000a\000d}{section.2.2}% 23
\BOOKMARK [1][-]{section.2.3}{\376\377\0002\000.\0003\000\040\000A\000n\000\341\000l\000i\000s\000i\000s\000\040\000d\000e\000\040\000C\000l\000u\000s\000t\000e\000r\000s}{chapter.2}% 24
\BOOKMARK [2][-]{subsection.2.3.1}{\376\377\0002\000.\0003\000.\0001\000\040\000E\000s\000t\000r\000u\000c\000t\000u\000r\000a\000c\000i\000\363\000n\000\040\000j\000e\000r\000\341\000r\000q\000u\000i\000c\000a\000\040\000d\000e\000\040}{section.2.3}% 25
\BOOKMARK [2][-]{subsection.2.3.2}{\376\377\0002\000.\0003\000.\0002\000\040\000A\000l\000g\000o\000r\000i\000t\000m\000o\000s\000\040\000b\000a\000s\000a\000d\000o\000s\000\040\000e\000n\000\040\000j\000e\000r\000a\000r\000q\000u\000\355\000a\000s}{section.2.3}% 26
\BOOKMARK [2][-]{subsection.2.3.3}{\376\377\0002\000.\0003\000.\0003\000\040\000E\000l\000e\000c\000c\000i\000\363\000n\000\040\000d\000e\000\040\000l\000a\000s\000\040\000d\000i\000f\000e\000r\000e\000n\000c\000i\000a\000s\000\040}{section.2.3}% 27
\BOOKMARK [2][-]{subsection.2.3.4}{\376\377\0002\000.\0003\000.\0004\000\040\000A\000l\000g\000o\000r\000i\000t\000m\000o\000s\000\040\000n\000o\000\040\000j\000e\000r\000\341\000r\000q\000u\000i\000c\000o\000s}{section.2.3}% 28
\BOOKMARK [0][-]{chapter*.4}{\376\377\000B\000i\000b\000l\000i\000o\000g\000r\000a\000f\000\355\000a}{}% 29
